{
  message: 'Database is connected successfully',
  level: 'info',
  label: 'PHD',
  timestamp: '2023-07-12T01:00:01.000Z'
}
{
  message: 'Application listening on port 5000',
  level: 'info',
  label: 'PHD',
  timestamp: '2023-07-12T01:00:01.048Z'
}
{
  message: 'Database is connected successfully',
  level: 'info',
  label: 'PHD',
  timestamp: '2023-07-12T01:00:22.659Z'
}
{
  message: 'Application listening on port 5000',
  level: 'info',
  label: 'PHD',
  timestamp: '2023-07-12T01:00:22.684Z'
}
{
  message: 'Database is connected successfully',
  level: 'info',
  label: 'PHD',
  timestamp: '2023-07-12T01:00:30.826Z'
}
{
  message: 'Application listening on port 5000',
  level: 'info',
  label: 'PHD',
  timestamp: '2023-07-12T01:00:30.842Z'
}
{
  message: 'Database is connected successfully',
  level: 'info',
  label: 'PHD',
  timestamp: '2023-07-12T01:00:34.997Z'
}
{
  message: 'Application listening on port 5000',
  level: 'info',
  label: 'PHD',
  timestamp: '2023-07-12T01:00:35.014Z'
}
{
  message: 'Database is connected successfully',
  level: 'info',
  label: 'PHD',
  timestamp: '2023-07-12T01:00:45.352Z'
}
{
  message: 'Application listening on port 5000',
  level: 'info',
  label: 'PHD',
  timestamp: '2023-07-12T01:00:45.367Z'
}
{
  message: 'Database is connected successfully',
  level: 'info',
  label: 'PHD',
  timestamp: '2023-07-12T01:00:57.044Z'
}
{
  message: 'Application listening on port 5000',
  level: 'info',
  label: 'PHD',
  timestamp: '2023-07-12T01:00:57.059Z'
}
{
  message: 'Database is connected successfully',
  level: 'info',
  label: 'PHD',
  timestamp: '2023-07-12T01:01:08.854Z'
}
{
  message: 'Application listening on port 5000',
  level: 'info',
  label: 'PHD',
  timestamp: '2023-07-12T01:01:08.880Z'
}
{
  message: 'Database is connected successfully',
  level: 'info',
  label: 'PHD',
  timestamp: '2023-07-12T01:01:25.688Z'
}
{
  message: 'Application listening on port 5000',
  level: 'info',
  label: 'PHD',
  timestamp: '2023-07-12T01:01:25.710Z'
}
{
  message: 'Database is connected successfully',
  level: 'info',
  label: 'PHD',
  timestamp: '2023-07-12T01:01:30.862Z'
}
{
  message: 'Application listening on port 5000',
  level: 'info',
  label: 'PHD',
  timestamp: '2023-07-12T01:01:30.881Z'
}
{
  message: 'Database is connected successfully',
  level: 'info',
  label: 'PHD',
  timestamp: '2023-07-12T01:01:34.378Z'
}
{
  message: 'Application listening on port 5000',
  level: 'info',
  label: 'PHD',
  timestamp: '2023-07-12T01:01:34.394Z'
}
{
  message: 'Database is connected successfully',
  level: 'info',
  label: 'PHD',
  timestamp: '2023-07-12T01:01:38.500Z'
}
{
  message: 'Application listening on port 5000',
  level: 'info',
  label: 'PHD',
  timestamp: '2023-07-12T01:01:38.546Z'
}
{
  message: 'Database is connected successfully',
  level: 'info',
  label: 'PHD',
  timestamp: '2023-07-12T01:01:41.694Z'
}
{
  message: 'Application listening on port 5000',
  level: 'info',
  label: 'PHD',
  timestamp: '2023-07-12T01:01:41.730Z'
}
{
  message: 'Database is connected successfully',
  level: 'info',
  label: 'PHD',
  timestamp: '2023-07-12T01:02:00.697Z'
}
{
  message: 'Application listening on port 5000',
  level: 'info',
  label: 'PHD',
  timestamp: '2023-07-12T01:02:00.712Z'
}
{
  message: 'Database is connected successfully',
  level: 'info',
  label: 'PHD',
  timestamp: '2023-07-12T01:02:38.435Z'
}
{
  message: 'Application listening on port 5000',
  level: 'info',
  label: 'PHD',
  timestamp: '2023-07-12T01:02:38.455Z'
}
{
  message: 'Database is connected successfully',
  level: 'info',
  label: 'PHD',
  timestamp: '2023-07-12T01:02:43.559Z'
}
{
  message: 'Application listening on port 5000',
  level: 'info',
  label: 'PHD',
  timestamp: '2023-07-12T01:02:43.612Z'
}
{
  message: 'Database is connected successfully',
  level: 'info',
  label: 'PHD',
  timestamp: '2023-07-12T01:02:49.245Z'
}
{
  message: 'Application listening on port 5000',
  level: 'info',
  label: 'PHD',
  timestamp: '2023-07-12T01:02:49.266Z'
}
{
  message: 'Database is connected successfully',
  level: 'info',
  label: 'PHD',
  timestamp: '2023-07-12T01:03:02.924Z'
}
{
  message: 'Application listening on port 5000',
  level: 'info',
  label: 'PHD',
  timestamp: '2023-07-12T01:03:02.939Z'
}
{
  message: 'Database is connected successfully',
  level: 'info',
  label: 'PHD',
  timestamp: '2023-07-12T01:03:51.311Z'
}
{
  message: 'Application listening on port 5000',
  level: 'info',
  label: 'PHD',
  timestamp: '2023-07-12T01:03:51.329Z'
}
{
  message: 'Database is connected successfully',
  level: 'info',
  label: 'PHD',
  timestamp: '2023-07-12T01:03:55.650Z'
}
{
  message: 'Application listening on port 5000',
  level: 'info',
  label: 'PHD',
  timestamp: '2023-07-12T01:03:55.671Z'
}
{
  message: 'Database is connected successfully',
  level: 'info',
  label: 'PHD',
  timestamp: '2023-07-12T01:04:02.117Z'
}
{
  message: 'Application listening on port 5000',
  level: 'info',
  label: 'PHD',
  timestamp: '2023-07-12T01:04:02.144Z'
}
{
  message: 'Database is connected successfully',
  level: 'info',
  label: 'PHD',
  timestamp: '2023-07-12T01:04:08.935Z'
}
{
  message: 'Application listening on port 5000',
  level: 'info',
  label: 'PHD',
  timestamp: '2023-07-12T01:04:08.956Z'
}
{
  message: 'Database is connected successfully',
  level: 'info',
  label: 'PHD',
  timestamp: '2023-07-12T01:04:18.620Z'
}
{
  message: 'Application listening on port 5000',
  level: 'info',
  label: 'PHD',
  timestamp: '2023-07-12T01:04:18.636Z'
}
{
  message: 'Database is connected successfully',
  level: 'info',
  label: 'PHD',
  timestamp: '2023-07-12T01:04:21.341Z'
}
{
  message: 'Application listening on port 5000',
  level: 'info',
  label: 'PHD',
  timestamp: '2023-07-12T01:04:21.360Z'
}
{
  message: 'Database is connected successfully',
  level: 'info',
  label: 'PHD',
  timestamp: '2023-07-12T01:04:26.760Z'
}
{
  message: 'Application listening on port 5000',
  level: 'info',
  label: 'PHD',
  timestamp: '2023-07-12T01:04:26.795Z'
}
{
  message: 'Database is connected successfully',
  level: 'info',
  label: 'PHD',
  timestamp: '2023-07-12T01:04:35.399Z'
}
{
  message: 'Application listening on port 5000',
  level: 'info',
  label: 'PHD',
  timestamp: '2023-07-12T01:04:35.414Z'
}
{
  message: 'Database is connected successfully',
  level: 'info',
  label: 'PHD',
  timestamp: '2023-07-12T01:04:39.241Z'
}
{
  message: 'Application listening on port 5000',
  level: 'info',
  label: 'PHD',
  timestamp: '2023-07-12T01:04:39.270Z'
}
{
  message: 'Database is connected successfully',
  level: 'info',
  label: 'PHD',
  timestamp: '2023-07-12T01:04:44.555Z'
}
{
  message: 'Application listening on port 5000',
  level: 'info',
  label: 'PHD',
  timestamp: '2023-07-12T01:04:44.572Z'
}
{
  message: 'Database is connected successfully',
  level: 'info',
  label: 'PHD',
  timestamp: '2023-07-12T01:04:48.952Z'
}
{
  message: 'Application listening on port 5000',
  level: 'info',
  label: 'PHD',
  timestamp: '2023-07-12T01:04:48.978Z'
}
{
  message: 'Database is connected successfully',
  level: 'info',
  label: 'PHD',
  timestamp: '2023-07-12T01:05:00.004Z'
}
{
  message: 'Application listening on port 5000',
  level: 'info',
  label: 'PHD',
  timestamp: '2023-07-12T01:05:00.022Z'
}
{
  message: 'Database is connected successfully',
  level: 'info',
  label: 'PHD',
  timestamp: '2023-07-12T01:05:04.216Z'
}
{
  message: 'Application listening on port 5000',
  level: 'info',
  label: 'PHD',
  timestamp: '2023-07-12T01:05:04.236Z'
}
{
  message: 'Database is connected successfully',
  level: 'info',
  label: 'PHD',
  timestamp: '2023-07-12T01:05:18.212Z'
}
{
  message: 'Application listening on port 5000',
  level: 'info',
  label: 'PHD',
  timestamp: '2023-07-12T01:05:18.272Z'
}
{
  message: 'Database is connected successfully',
  level: 'info',
  label: 'PHD',
  timestamp: '2023-07-12T01:05:26.003Z'
}
{
  message: 'Application listening on port 5000',
  level: 'info',
  label: 'PHD',
  timestamp: '2023-07-12T01:05:26.035Z'
}
{
  message: 'Database is connected successfully',
  level: 'info',
  label: 'PHD',
  timestamp: '2023-07-12T01:06:01.269Z'
}
{
  message: 'Application listening on port 5000',
  level: 'info',
  label: 'PHD',
  timestamp: '2023-07-12T01:06:01.282Z'
}
{
  message: 'Database is connected successfully',
  level: 'info',
  label: 'PHD',
  timestamp: '2023-07-12T01:06:08.564Z'
}
{
  message: 'Application listening on port 5000',
  level: 'info',
  label: 'PHD',
  timestamp: '2023-07-12T01:06:08.583Z'
}
{
  message: 'Database is connected successfully',
  level: 'info',
  label: 'PHD',
  timestamp: '2023-07-12T01:06:13.091Z'
}
{
  message: 'Application listening on port 5000',
  level: 'info',
  label: 'PHD',
  timestamp: '2023-07-12T01:06:13.114Z'
}
{
  message: 'Database is connected successfully',
  level: 'info',
  label: 'PHD',
  timestamp: '2023-07-12T01:06:17.934Z'
}
{
  message: 'Application listening on port 5000',
  level: 'info',
  label: 'PHD',
  timestamp: '2023-07-12T01:06:17.961Z'
}
{
  message: 'Database is connected successfully',
  level: 'info',
  label: 'PHD',
  timestamp: '2023-07-12T01:06:23.900Z'
}
{
  message: 'Application listening on port 5000',
  level: 'info',
  label: 'PHD',
  timestamp: '2023-07-12T01:06:23.911Z'
}
{
  message: 'Database is connected successfully',
  level: 'info',
  label: 'PHD',
  timestamp: '2023-07-12T01:06:31.942Z'
}
{
  message: 'Application listening on port 5000',
  level: 'info',
  label: 'PHD',
  timestamp: '2023-07-12T01:06:31.966Z'
}
{
  message: 'Database is connected successfully',
  level: 'info',
  label: 'PHD',
  timestamp: '2023-07-12T01:06:50.268Z'
}
{
  message: 'Application listening on port 5000',
  level: 'info',
  label: 'PHD',
  timestamp: '2023-07-12T01:06:50.282Z'
}
{
  message: 'Database is connected successfully',
  level: 'info',
  label: 'PHD',
  timestamp: '2023-07-12T01:07:06.157Z'
}
{
  message: 'Application listening on port 5000',
  level: 'info',
  label: 'PHD',
  timestamp: '2023-07-12T01:07:06.173Z'
}
{
  message: 'Database is connected successfully',
  level: 'info',
  label: 'PHD',
  timestamp: '2023-07-12T01:08:11.464Z'
}
{
  message: 'Application listening on port 5000',
  level: 'info',
  label: 'PHD',
  timestamp: '2023-07-12T01:08:11.474Z'
}
{
  message: 'Database is connected successfully',
  level: 'info',
  label: 'PHD',
  timestamp: '2023-07-12T01:08:14.423Z'
}
{
  message: 'Application listening on port 5000',
  level: 'info',
  label: 'PHD',
  timestamp: '2023-07-12T01:08:14.465Z'
}
{
  message: 'Database is connected successfully',
  level: 'info',
  label: 'PHD',
  timestamp: '2023-07-12T01:08:31.838Z'
}
{
  message: 'Application listening on port 5000',
  level: 'info',
  label: 'PHD',
  timestamp: '2023-07-12T01:08:31.868Z'
}
{
  message: 'Database is connected successfully',
  level: 'info',
  label: 'PHD',
  timestamp: '2023-07-12T01:11:20.723Z'
}
{
  message: 'Application listening on port 5000',
  level: 'info',
  label: 'PHD',
  timestamp: '2023-07-12T01:11:20.739Z'
}
{
  message: 'Database is connected successfully',
  level: 'info',
  label: 'PHD',
  timestamp: '2023-07-12T01:11:27.487Z'
}
{
  message: 'Application listening on port 5000',
  level: 'info',
  label: 'PHD',
  timestamp: '2023-07-12T01:11:27.530Z'
}
{
  message: 'Database is connected successfully',
  level: 'info',
  label: 'PHD',
  timestamp: '2023-07-12T01:11:46.368Z'
}
{
  message: 'Application listening on port 5000',
  level: 'info',
  label: 'PHD',
  timestamp: '2023-07-12T01:11:46.390Z'
}
{
  message: 'Database is connected successfully',
  level: 'info',
  label: 'PHD',
  timestamp: '2023-07-12T01:11:49.603Z'
}
{
  message: 'Application listening on port 5000',
  level: 'info',
  label: 'PHD',
  timestamp: '2023-07-12T01:11:49.617Z'
}
{
  message: 'Database is connected successfully',
  level: 'info',
  label: 'PHD',
  timestamp: '2023-07-12T01:12:00.571Z'
}
{
  message: 'Application listening on port 5000',
  level: 'info',
  label: 'PHD',
  timestamp: '2023-07-12T01:12:00.593Z'
}
{
  message: 'Database is connected successfully',
  level: 'info',
  label: 'PHD',
  timestamp: '2023-07-12T01:12:34.828Z'
}
{
  message: 'Application listening on port 5000',
  level: 'info',
  label: 'PHD',
  timestamp: '2023-07-12T01:12:34.846Z'
}
{
  message: 'Database is connected successfully',
  level: 'info',
  label: 'PHD',
  timestamp: '2023-07-12T01:12:39.388Z'
}
{
  message: 'Application listening on port 5000',
  level: 'info',
  label: 'PHD',
  timestamp: '2023-07-12T01:12:39.418Z'
}
{
  message: 'Database is connected successfully',
  level: 'info',
  label: 'PHD',
  timestamp: '2023-07-12T01:13:00.494Z'
}
{
  message: 'Application listening on port 5000',
  level: 'info',
  label: 'PHD',
  timestamp: '2023-07-12T01:13:00.521Z'
}
{
  message: 'Database is connected successfully',
  level: 'info',
  label: 'PHD',
  timestamp: '2023-07-12T01:18:45.647Z'
}
{
  message: 'Application listening on port 5000',
  level: 'info',
  label: 'PHD',
  timestamp: '2023-07-12T01:18:45.666Z'
}
{
  message: 'Database is connected successfully',
  level: 'info',
  label: 'PHD',
  timestamp: '2023-07-12T01:19:11.593Z'
}
{
  message: 'Application listening on port 5000',
  level: 'info',
  label: 'PHD',
  timestamp: '2023-07-12T01:19:11.617Z'
}
{
  message: 'Database is connected successfully',
  level: 'info',
  label: 'PHD',
  timestamp: '2023-07-12T01:19:19.041Z'
}
{
  message: 'Application listening on port 5000',
  level: 'info',
  label: 'PHD',
  timestamp: '2023-07-12T01:19:19.064Z'
}
{
  message: 'Database is connected successfully',
  level: 'info',
  label: 'PHD',
  timestamp: '2023-07-12T01:30:44.589Z'
}
{
  message: 'Application listening on port 5000',
  level: 'info',
  label: 'PHD',
  timestamp: '2023-07-12T01:30:44.610Z'
}
{
  message: 'Database is connected successfully',
  level: 'info',
  label: 'PHD',
  timestamp: '2023-07-12T01:30:51.228Z'
}
{
  message: 'Application listening on port 5000',
  level: 'info',
  label: 'PHD',
  timestamp: '2023-07-12T01:30:51.253Z'
}
{
  message: 'Database is connected successfully',
  level: 'info',
  label: 'PHD',
  timestamp: '2023-07-12T01:31:00.231Z'
}
{
  message: 'Application listening on port 5000',
  level: 'info',
  label: 'PHD',
  timestamp: '2023-07-12T01:31:00.276Z'
}
{
  message: 'Database is connected successfully',
  level: 'info',
  label: 'PHD',
  timestamp: '2023-07-12T01:31:21.618Z'
}
{
  message: 'Application listening on port 5000',
  level: 'info',
  label: 'PHD',
  timestamp: '2023-07-12T01:31:21.636Z'
}
{
  message: 'Database is connected successfully',
  level: 'info',
  label: 'PHD',
  timestamp: '2023-07-12T01:31:30.795Z'
}
{
  message: 'Application listening on port 5000',
  level: 'info',
  label: 'PHD',
  timestamp: '2023-07-12T01:31:30.810Z'
}
{
  message: 'Database is connected successfully',
  level: 'info',
  label: 'PHD',
  timestamp: '2023-07-12T01:31:35.032Z'
}
{
  message: 'Application listening on port 5000',
  level: 'info',
  label: 'PHD',
  timestamp: '2023-07-12T01:31:35.049Z'
}
{
  message: 'Database is connected successfully',
  level: 'info',
  label: 'PHD',
  timestamp: '2023-07-12T01:31:50.243Z'
}
{
  message: 'Application listening on port 5000',
  level: 'info',
  label: 'PHD',
  timestamp: '2023-07-12T01:31:50.261Z'
}
{
  message: 'Database is connected successfully',
  level: 'info',
  label: 'PHD',
  timestamp: '2023-07-12T01:32:07.302Z'
}
{
  message: 'Application listening on port 5000',
  level: 'info',
  label: 'PHD',
  timestamp: '2023-07-12T01:32:07.319Z'
}
{
  message: 'Database is connected successfully',
  level: 'info',
  label: 'PHD',
  timestamp: '2023-07-12T01:33:36.090Z'
}
{
  message: 'Application listening on port 5000',
  level: 'info',
  label: 'PHD',
  timestamp: '2023-07-12T01:33:36.112Z'
}
{
  message: 'Database is connected successfully',
  level: 'info',
  label: 'PHD',
  timestamp: '2023-07-12T01:33:42.631Z'
}
{
  message: 'Application listening on port 5000',
  level: 'info',
  label: 'PHD',
  timestamp: '2023-07-12T01:33:42.653Z'
}
{
  message: 'Database is connected successfully',
  level: 'info',
  label: 'PHD',
  timestamp: '2023-07-12T01:33:48.033Z'
}
{
  message: 'Application listening on port 5000',
  level: 'info',
  label: 'PHD',
  timestamp: '2023-07-12T01:33:48.055Z'
}
{
  message: 'Database is connected successfully',
  level: 'info',
  label: 'PHD',
  timestamp: '2023-07-12T01:42:51.171Z'
}
{
  message: 'Application listening on port 5000',
  level: 'info',
  label: 'PHD',
  timestamp: '2023-07-12T01:42:51.189Z'
}
{
  message: 'Database is connected successfully',
  level: 'info',
  label: 'PHD',
  timestamp: '2023-07-12T01:43:04.314Z'
}
{
  message: 'Application listening on port 5000',
  level: 'info',
  label: 'PHD',
  timestamp: '2023-07-12T01:43:04.332Z'
}
{
  message: 'Database is connected successfully',
  level: 'info',
  label: 'PHD',
  timestamp: '2023-07-12T01:43:30.537Z'
}
{
  message: 'Application listening on port 5000',
  level: 'info',
  label: 'PHD',
  timestamp: '2023-07-12T01:43:30.567Z'
}
{
  message: 'Database is connected successfully',
  level: 'info',
  label: 'PHD',
  timestamp: '2023-07-12T01:43:34.387Z'
}
{
  message: 'Application listening on port 5000',
  level: 'info',
  label: 'PHD',
  timestamp: '2023-07-12T01:43:34.417Z'
}
{
  message: 'Database is connected successfully',
  level: 'info',
  label: 'PHD',
  timestamp: '2023-07-12T01:43:42.922Z'
}
{
  message: 'Application listening on port 5000',
  level: 'info',
  label: 'PHD',
  timestamp: '2023-07-12T01:43:42.937Z'
}
{
  message: 'Database is connected successfully',
  level: 'info',
  label: 'PHD',
  timestamp: '2023-07-12T01:43:48.291Z'
}
{
  message: 'Application listening on port 5000',
  level: 'info',
  label: 'PHD',
  timestamp: '2023-07-12T01:43:48.309Z'
}
{
  message: 'Database is connected successfully',
  level: 'info',
  label: 'PHD',
  timestamp: '2023-07-12T01:45:18.752Z'
}
{
  message: 'Application listening on port 5000',
  level: 'info',
  label: 'PHD',
  timestamp: '2023-07-12T01:45:18.787Z'
}
{
  message: 'Database is connected successfully',
  level: 'info',
  label: 'PHD',
  timestamp: '2023-07-12T01:45:23.389Z'
}
{
  message: 'Application listening on port 5000',
  level: 'info',
  label: 'PHD',
  timestamp: '2023-07-12T01:45:23.439Z'
}
{
  message: 'Database is connected successfully',
  level: 'info',
  label: 'PHD',
  timestamp: '2023-07-12T01:45:29.580Z'
}
{
  message: 'Application listening on port 5000',
  level: 'info',
  label: 'PHD',
  timestamp: '2023-07-12T01:45:29.597Z'
}
{
  message: 'Database is connected successfully',
  level: 'info',
  label: 'PHD',
  timestamp: '2023-07-12T01:45:33.583Z'
}
{
  message: 'Application listening on port 5000',
  level: 'info',
  label: 'PHD',
  timestamp: '2023-07-12T01:45:33.614Z'
}
{
  message: 'Database is connected successfully',
  level: 'info',
  label: 'PHD',
  timestamp: '2023-07-12T01:46:11.745Z'
}
{
  message: 'Application listening on port 5000',
  level: 'info',
  label: 'PHD',
  timestamp: '2023-07-12T01:46:11.771Z'
}
{
  message: 'Database is connected successfully',
  level: 'info',
  label: 'PHD',
  timestamp: '2023-07-12T01:46:20.158Z'
}
{
  message: 'Application listening on port 5000',
  level: 'info',
  label: 'PHD',
  timestamp: '2023-07-12T01:46:20.183Z'
}
{
  message: 'Database is connected successfully',
  level: 'info',
  label: 'PHD',
  timestamp: '2023-07-12T01:46:37.087Z'
}
{
  message: 'Application listening on port 5000',
  level: 'info',
  label: 'PHD',
  timestamp: '2023-07-12T01:46:37.104Z'
}
{
  message: 'Database is connected successfully',
  level: 'info',
  label: 'PHD',
  timestamp: '2023-07-12T01:46:47.199Z'
}
{
  message: 'Application listening on port 5000',
  level: 'info',
  label: 'PHD',
  timestamp: '2023-07-12T01:46:47.222Z'
}
{
  message: 'Database is connected successfully',
  level: 'info',
  label: 'PHD',
  timestamp: '2023-07-12T01:47:05.508Z'
}
{
  message: 'Application listening on port 5000',
  level: 'info',
  label: 'PHD',
  timestamp: '2023-07-12T01:47:05.519Z'
}
{
  message: 'Database is connected successfully',
  level: 'info',
  label: 'PHD',
  timestamp: '2023-07-12T01:47:09.600Z'
}
{
  message: 'Application listening on port 5000',
  level: 'info',
  label: 'PHD',
  timestamp: '2023-07-12T01:47:09.616Z'
}
{
  message: 'Database is connected successfully',
  level: 'info',
  label: 'PHD',
  timestamp: '2023-07-12T01:47:12.469Z'
}
{
  message: 'Application listening on port 5000',
  level: 'info',
  label: 'PHD',
  timestamp: '2023-07-12T01:47:12.484Z'
}
{
  message: 'Database is connected successfully',
  level: 'info',
  label: 'PHD',
  timestamp: '2023-07-12T01:47:36.021Z'
}
{
  message: 'Application listening on port 5000',
  level: 'info',
  label: 'PHD',
  timestamp: '2023-07-12T01:47:36.037Z'
}
{
  message: 'Database is connected successfully',
  level: 'info',
  label: 'PHD',
  timestamp: '2023-07-12T01:47:44.508Z'
}
{
  message: 'Application listening on port 5000',
  level: 'info',
  label: 'PHD',
  timestamp: '2023-07-12T01:47:44.526Z'
}
{
  message: 'Database is connected successfully',
  level: 'info',
  label: 'PHD',
  timestamp: '2023-07-12T01:47:51.221Z'
}
{
  message: 'Application listening on port 5000',
  level: 'info',
  label: 'PHD',
  timestamp: '2023-07-12T01:47:51.245Z'
}
{
  message: 'Database is connected successfully',
  level: 'info',
  label: 'PHD',
  timestamp: '2023-07-12T01:49:19.124Z'
}
{
  message: 'Application listening on port 5000',
  level: 'info',
  label: 'PHD',
  timestamp: '2023-07-12T01:49:19.144Z'
}
{
  message: 'Database is connected successfully',
  level: 'info',
  label: 'PHD',
  timestamp: '2023-07-12T01:50:50.355Z'
}
{
  message: 'Application listening on port 5000',
  level: 'info',
  label: 'PHD',
  timestamp: '2023-07-12T01:50:50.372Z'
}
{
  message: 'Database is connected successfully',
  level: 'info',
  label: 'PHD',
  timestamp: '2023-07-12T01:50:53.276Z'
}
{
  message: 'Application listening on port 5000',
  level: 'info',
  label: 'PHD',
  timestamp: '2023-07-12T01:50:53.317Z'
}
{
  message: 'Database is connected successfully',
  level: 'info',
  label: 'PHD',
  timestamp: '2023-07-12T01:50:57.895Z'
}
{
  message: 'Application listening on port 5000',
  level: 'info',
  label: 'PHD',
  timestamp: '2023-07-12T01:50:57.914Z'
}
{
  message: 'Database is connected successfully',
  level: 'info',
  label: 'PHD',
  timestamp: '2023-07-12T01:51:51.913Z'
}
{
  message: 'Application listening on port 5000',
  level: 'info',
  label: 'PHD',
  timestamp: '2023-07-12T01:51:51.928Z'
}
{
  message: 'Database is connected successfully',
  level: 'info',
  label: 'PHD',
  timestamp: '2023-07-12T01:52:12.742Z'
}
{
  message: 'Application listening on port 5000',
  level: 'info',
  label: 'PHD',
  timestamp: '2023-07-12T01:52:12.777Z'
}
{
  message: 'Database is connected successfully',
  level: 'info',
  label: 'PHD',
  timestamp: '2023-07-12T01:53:10.470Z'
}
{
  message: 'Application listening on port 5000',
  level: 'info',
  label: 'PHD',
  timestamp: '2023-07-12T01:53:10.491Z'
}
{
  message: 'Database is connected successfully',
  level: 'info',
  label: 'PHD',
  timestamp: '2023-07-12T01:58:33.039Z'
}
{
  message: 'Application listening on port 5000',
  level: 'info',
  label: 'PHD',
  timestamp: '2023-07-12T01:58:33.059Z'
}
{
  message: 'Database is connected successfully',
  level: 'info',
  label: 'PHD',
  timestamp: '2023-07-12T01:59:14.210Z'
}
{
  message: 'Application listening on port 5000',
  level: 'info',
  label: 'PHD',
  timestamp: '2023-07-12T01:59:14.247Z'
}
{
  message: 'Database is connected successfully',
  level: 'info',
  label: 'PHD',
  timestamp: '2023-07-12T01:59:26.603Z'
}
{
  message: 'Application listening on port 5000',
  level: 'info',
  label: 'PHD',
  timestamp: '2023-07-12T01:59:26.645Z'
}
