{
  message: 'Database is connected successfully',
  level: 'info',
  label: 'PHD',
  timestamp: '2023-07-11T16:28:24.523Z'
}
{
  message: 'Application listening on port 5000',
  level: 'info',
  label: 'PHD',
  timestamp: '2023-07-11T16:28:24.597Z'
}
{
  message: 'Database is connected successfully',
  level: 'info',
  label: 'PHD',
  timestamp: '2023-07-11T16:30:13.167Z'
}
{
  message: 'Application listening on port 5000',
  level: 'info',
  label: 'PHD',
  timestamp: '2023-07-11T16:30:13.213Z'
}
{
  message: 'Database is connected successfully',
  level: 'info',
  label: 'PHD',
  timestamp: '2023-07-11T16:30:19.209Z'
}
{
  message: 'Application listening on port 5000',
  level: 'info',
  label: 'PHD',
  timestamp: '2023-07-11T16:30:19.265Z'
}
{
  message: 'Database is connected successfully',
  level: 'info',
  label: 'PHD',
  timestamp: '2023-07-11T16:30:24.908Z'
}
{
  message: 'Application listening on port 5000',
  level: 'info',
  label: 'PHD',
  timestamp: '2023-07-11T16:30:24.954Z'
}
{
  message: 'Database is connected successfully',
  level: 'info',
  label: 'PHD',
  timestamp: '2023-07-11T16:30:38.148Z'
}
{
  message: 'Application listening on port 5000',
  level: 'info',
  label: 'PHD',
  timestamp: '2023-07-11T16:30:38.171Z'
}
{
  message: 'Database is connected successfully',
  level: 'info',
  label: 'PHD',
  timestamp: '2023-07-11T16:30:44.777Z'
}
{
  message: 'Application listening on port 5000',
  level: 'info',
  label: 'PHD',
  timestamp: '2023-07-11T16:30:44.809Z'
}
{
  message: 'Database is connected successfully',
  level: 'info',
  label: 'PHD',
  timestamp: '2023-07-11T16:30:56.585Z'
}
{
  message: 'Application listening on port 5000',
  level: 'info',
  label: 'PHD',
  timestamp: '2023-07-11T16:30:56.649Z'
}
{
  message: 'Database is connected successfully',
  level: 'info',
  label: 'PHD',
  timestamp: '2023-07-11T16:31:22.514Z'
}
{
  message: 'Application listening on port 5000',
  level: 'info',
  label: 'PHD',
  timestamp: '2023-07-11T16:31:22.600Z'
}
{
  message: 'Database is connected successfully',
  level: 'info',
  label: 'PHD',
  timestamp: '2023-07-11T16:41:01.224Z'
}
{
  message: 'Application listening on port 5000',
  level: 'info',
  label: 'PHD',
  timestamp: '2023-07-11T16:41:01.275Z'
}
{
  message: 'Database is connected successfully',
  level: 'info',
  label: 'PHD',
  timestamp: '2023-07-11T16:42:30.968Z'
}
{
  message: 'Application listening on port 5000',
  level: 'info',
  label: 'PHD',
  timestamp: '2023-07-11T16:42:31.055Z'
}
{
  message: 'Database is connected successfully',
  level: 'info',
  label: 'PHD',
  timestamp: '2023-07-11T16:44:00.157Z'
}
{
  message: 'Application listening on port 5000',
  level: 'info',
  label: 'PHD',
  timestamp: '2023-07-11T16:44:00.188Z'
}
